<?xml version="1.0" encoding="UTF-8"?>
<testng-results ignored="4" total="6" passed="2" failed="0" skipped="0">
  <reporter-output>
  </reporter-output>
  <suite started-at="2023-12-29T20:03:15 IST" name="Suite" finished-at="2023-12-29T20:03:31 IST" duration-ms="16489">
    <groups>
      <group name="Smoke">
        <method signature="IndexPageTest.verifyLogo()[pri:1, instance:com.mystoreTestCases.IndexPageTest@34f5090e]" name="verifyLogo" class="com.mystoreTestCases.IndexPageTest"/>
        <method signature="IndexPageTest.verifyTitle()[pri:3, instance:com.mystoreTestCases.IndexPageTest@34f5090e]" name="verifyTitle" class="com.mystoreTestCases.IndexPageTest"/>
      </group> <!-- Smoke -->
    </groups>
    <test started-at="2023-12-29T20:03:15 IST" name="Sanity" finished-at="2023-12-29T20:03:31 IST" duration-ms="16489">
      <class name="com.mystoreTestCases.IndexPageTest">
        <test-method is-config="true" signature="loadConfig()[pri:0, instance:com.mystoreTestCases.IndexPageTest@34f5090e]" started-at="2023-12-29T20:03:13 IST" name="loadConfig" finished-at="2023-12-29T20:03:15 IST" duration-ms="1785" status="PASS">
          <reporter-output>
          </reporter-output>
        </test-method> <!-- loadConfig -->
        <test-method is-config="true" signature="setup(java.lang.String)[pri:0, instance:com.mystoreTestCases.IndexPageTest@34f5090e]" started-at="2023-12-29T20:03:15 IST" name="setup" finished-at="2023-12-29T20:03:23 IST" duration-ms="8237" status="PASS">
          <params>
            <param index="0">
              <value>
                <![CDATA[edge]]>
              </value>
            </param>
          </params>
          <reporter-output>
          </reporter-output>
        </test-method> <!-- setup -->
        <test-method signature="verifyLogo()[pri:1, instance:com.mystoreTestCases.IndexPageTest@34f5090e]" started-at="2023-12-29T20:03:23 IST" name="verifyLogo" finished-at="2023-12-29T20:03:24 IST" duration-ms="870" status="PASS">
          <reporter-output>
          </reporter-output>
        </test-method> <!-- verifyLogo -->
        <test-method is-config="true" signature="tearDown()[pri:0, instance:com.mystoreTestCases.IndexPageTest@34f5090e]" started-at="2023-12-29T20:03:24 IST" name="tearDown" finished-at="2023-12-29T20:03:25 IST" duration-ms="963" status="PASS">
          <reporter-output>
          </reporter-output>
        </test-method> <!-- tearDown -->
        <test-method is-config="true" signature="setup(java.lang.String)[pri:0, instance:com.mystoreTestCases.IndexPageTest@34f5090e]" started-at="2023-12-29T20:03:25 IST" name="setup" finished-at="2023-12-29T20:03:30 IST" duration-ms="5380" status="PASS">
          <params>
            <param index="0">
              <value>
                <![CDATA[edge]]>
              </value>
            </param>
          </params>
          <reporter-output>
          </reporter-output>
        </test-method> <!-- setup -->
        <test-method signature="verifyTitle()[pri:3, instance:com.mystoreTestCases.IndexPageTest@34f5090e]" started-at="2023-12-29T20:03:30 IST" name="verifyTitle" finished-at="2023-12-29T20:03:31 IST" duration-ms="86" status="PASS">
          <reporter-output>
          </reporter-output>
        </test-method> <!-- verifyTitle -->
        <test-method is-config="true" signature="tearDown()[pri:0, instance:com.mystoreTestCases.IndexPageTest@34f5090e]" started-at="2023-12-29T20:03:31 IST" name="tearDown" finished-at="2023-12-29T20:03:31 IST" duration-ms="849" status="PASS">
          <reporter-output>
          </reporter-output>
        </test-method> <!-- tearDown -->
        <test-method is-config="true" signature="afterSuite()[pri:0, instance:com.mystoreTestCases.IndexPageTest@34f5090e]" started-at="2023-12-29T20:03:31 IST" name="afterSuite" finished-at="2023-12-29T20:03:32 IST" duration-ms="691" status="PASS">
          <reporter-output>
          </reporter-output>
        </test-method> <!-- afterSuite -->
      </class> <!-- com.mystoreTestCases.IndexPageTest -->
    </test> <!-- Sanity -->
  </suite> <!-- Suite -->
</testng-results>
