<?xml version="1.0" encoding="UTF-8"?>
<!-- Generated by org.testng.reporters.JUnitXMLReporter -->
<testsuite ignored="4" hostname="Ravish" failures="0" tests="2" name="Sanity" time="16.489" errors="0" timestamp="2023-12-29T20:03:31 IST">
  <testcase classname="com.mystoreTestCases.IndexPageTest" name="verifyLogo" time="0.87"/>
  <testcase classname="com.mystoreTestCases.IndexPageTest" name="verifyTitle" time="0.086"/>
  <testcase classname="com.myStoreBasePackage.BaseClass" name="@BeforeSuite loadConfig" time="0.0">
    <ignored/>
  </testcase> <!-- @BeforeSuite loadConfig -->
  <testcase classname="com.mystoreTestCases.LoginPageTest" name="loginTest" time="0.0">
    <ignored/>
  </testcase> <!-- loginTest -->
  <testcase classname="com.myStoreBasePackage.BaseClass" name="@AfterSuite afterSuite" time="0.0">
    <ignored/>
  </testcase> <!-- @AfterSuite afterSuite -->
  <testcase classname="com.mystoreTestCases.IndexPageTest" name="searchproduct" time="0.0">
    <ignored/>
  </testcase> <!-- searchproduct -->
</testsuite> <!-- Sanity -->
