<?xml version="1.0" encoding="UTF-8"?>
<!-- Generated by org.testng.reporters.JUnitXMLReporter -->
<testsuite ignored="2" hostname="Ravish" failures="0" tests="4" name="Test" time="21.587" errors="0" timestamp="2023-12-29T19:57:44 IST">
  <testcase classname="com.mystoreTestCases.IndexPageTest" name="verifyLogo" time="0.77"/>
  <testcase classname="com.mystoreTestCases.IndexPageTest" name="searchproduct" time="0.0">
    <skipped/>
  </testcase> <!-- searchproduct -->
  <testcase classname="com.mystoreTestCases.IndexPageTest" name="verifyTitle" time="0.653"/>
  <testcase classname="com.mystoreTestCases.LoginPageTest" name="loginTest" time="0.0">
    <skipped/>
  </testcase> <!-- loginTest -->
  <testcase classname="com.myStoreBasePackage.BaseClass" name="@BeforeSuite loadConfig" time="0.0">
    <ignored/>
  </testcase> <!-- @BeforeSuite loadConfig -->
  <testcase classname="com.myStoreBasePackage.BaseClass" name="@AfterSuite afterSuite" time="0.0">
    <ignored/>
  </testcase> <!-- @AfterSuite afterSuite -->
</testsuite> <!-- Test -->
